<?xml version="1.0" encoding="UTF-8"?>
<!-- Generated by org.testng.reporters.JUnitXMLReporter -->
<testsuite ignored="0" hostname="DESKTOP-MNCSD79" failures="1" tests="1" name="Test" time="16.754" errors="0" timestamp="2024-10-23T16:38:00 IST">
  <testcase classname="testCases.TC005_AddToCartTest" name="verify_AddToCart" time="6.667">
    <failure type="java.lang.AssertionError" message="expected [true] but found [false]">
      <![CDATA[java.lang.AssertionError: expected [true] but found [false]
at testCases.TC005_AddToCartTest.verify_AddToCart(TC005_AddToCartTest.java:34)
at java.base/java.util.ArrayList.forEach(ArrayList.java:1511)
... Removed 31 stack frames]]>
    </failure>
  </testcase> <!-- verify_AddToCart -->
</testsuite> <!-- Test -->
